-----BEGIN STRICT TYPE LIB-----
Id: 55f8bsTvyh7zAeYAiNwL9G1DxgwXzDvE8edcTFJz3Q9H#milan-poncho-gray
Name: Std
Dependencies: ~

15<Ql000vJ1wm|ZXki010YO0lLP7yULjgoY0YyatMn(ZgM*&Dk0ZB;#N=gAsO94z
w0ZmN-PEG+&PXSO+0Z~x_Qc?j^Qvp;|0aaB2R#pL5R{>a90a;lAT3P{NVF6-d0b^
qUWMlzlWdUYp0cU3cXlMaxX#r|#0c&dkY-|B-Z2@j>0dH>saBu-}aRG920dsQ!ba
VlAbpdvE0e5!+cz6MMc>#KQ2|;XdXkkNPaB~A10YO0lLP7yULjgoY0YyatMn(ZgM
*&Dk0ZB;#N=gAsO94zw0ZmN-PEG+&PXSO+0Z~x_Qc?j^Qvp;|0aaB2R#pL5R{>a9
0a;lAT3QT2Y;b5{Lt$`pPIYYqBm{b8a&IsLZ*FBV19W$9G6i&Ka%E*R1ZHn_ax?^
HX?A5b19NG3HU)EKc4cli1!ZYxXmmIPZfS01IRQaI0YX9nLqh>XL;*!b0Y*jvM@I
ojNC8Pn0ZK{%OG^PvOaV<z0ZvW<Pfr0*Pyta<0a8){Q&Ry{Q~_000ajK4S62a8SO
HmC0a{uJL2PhnVNP{z13m<LWpZyY18;6+F#~jWZ!!gRXmVv`GX!RDb#gQWW@&b1H
3M^Lcs2!dWp-t5Hw9&BXJ~Xd1a4_=WjO&sK><QS0YgIpL_`5aMFB=e0Y^sxNJs%m
NdZbq0ZU5(OiTeyO#x0$0Z&f>P*4F;Q2|m?0aH@}R8#>~RRLC30asT6SXcpBSpiy
F0byYQVqyVfV*zAj0cB+YW@Z6rX8~wv0cmLgYH9&%YXNL*0c~voZf*f@Zvk*{0da
8wa&iH4a{+X80d;i&c6I@GcL8{K0eN`=dU^~&Y;b5{PIYZWVRL8$KLli9b7(CDdS
!BNFavLHWibPEcW*KUbZByAWite3Z*_7s1ZHV=Wi<nHX?QjTb7gjAZZ`#GX=iA3I
0SBKZe=+EK|ujRLIFcV0YpRrMMVKdMgd1h0Z2#zNl5`pN&!nt0ZdE*O-%t#P61C(
0Z>o@QBeU>QUOy_0aR20RaF62RsmO60a#c8Sy=&ES^;5U0b*hSV`BkiWC3Mm0cK_
aXJ-LuXaQ+y0cvUiYij{)YyoX;0d8&qZ*Ku`Z~<{~0djHyb8`W7bOCjB0d{r)cXt
7Jcma8N0eX54L2PhnVNP{zOmAdib7%uU1bSt1Z!iOIZe=k8ba!tu1$1a~Wo0u2W^
Z+JGz4a8c4ajKb7^=s1#@L~Wo|bGWoc(<bT|ZVX>MgX0YO0lLP7yULjgoY0YyatM
n(ZgM*&Dk0ZB;#N=gAsO94zw0ZmN-PEG+&PXSO+0Z~x_Qc?j^Qvp;|0aaB2R#pL5
R{>a90a;lAT3QBdZ)9O}XkP(gVF6-d0b^qUWMlzlWdUYp0cU3cXlMaxX#r|#0c&d
kY-|B-Z2@j>0dH>saBu-}aRG920dsQ!baVlAbpdvE0e5!+cz6MMc>#KQ3PEgeXkk
-rVQg#z8UbNp0b*hSV`BkiWC3Mm0cK_aXJ-LuXaQ+y0cvUiYij{)YyoX;0d8&qZ*
Ku`Z~<{~0djHyb8`W7bOCjB0d{r)cXt7Jcma8N0eX4`L33kiX#;=*Zgp$`19NX^0
RwY%cme}uba(>;Wp8u@17&V;1p{GYYX$>iWo!omVsi)rXmkkzY-S1qc618@W@Zcm
V{#1wb8ij;b7>C)WNc*+17u?{5d&mnG7<x1V>1&2WMecG1a4ttYZU`?d2SX1WprW
}17l%s7y@N&83S{5Vj2Twb7LC<W^)_@XLB6_a&sO6b#osDb8ul}WgrA)cw=lK261
(7bY*iQ1ZZJ%Xd?z>Z)|K~awG?EWpZO>ZgeFHVQp|_a&uvBWF`t>aBp*Ta&K^GWh
V$?a$#d@Wpqp^2x4+!V{2t}QYi>wb97~LX>)5T1aNG1b1Ma7Z*6U1ECp?8Zgq1l1
7vS>E(LRJVRL9N1bSt1Z!iOIZe=k8ba!tu1$1a~Wo0u2W^Z+JGz4a8c4ajKb7^=s
1#@L~Wo|bGWoc(<bT|ZVX>MgX1!He)Z*DpXb7gI5LvL(vZaV~QWpi^p1!Zw{VQf7
IXL4m>bY*fr2yt~~b98BMZa)HHbU*<?K><QS0YgIpL_`5aMFB=e0Y^sxNJs%mNdZ
bq0ZU5(OiTeyO#x0$0Z&f>P*4F;Q2|m?0aH@}R8#>~RRLC30asT6SXcpBSpiyF3U
hHna$#d@Wpqqi31VSmYg24tb7))&b8$j)VPk7$bW&XfV_|Y-bY2E*Z)9O}XkQ3oV
Pk7_X=7_(0byYQVqyVfV*zAj0cB+YW@Z6rX8~wv0cmLgYH9&%YXNL*0c~voZf*f@
Zvk*{0da8wa&iH4a{+X80d;i&c6I@GcL8{K0eN`=dU^?CLULhaYh`pydjxQ4aAkZ
6V?uIaV{2t}Qhfz<X>4R=egkA>Y<~_xb7N^~P;zN*bYWs_WdmOYb8ul}WgrA)cw=
lK261(7bY*iQ1ZZJ%Xd?z>Z)|K~awG?EWpZO>ZgeFHVQp|_a&uvBWF`t>aBp*Ta&
K^GWhV$?a$#d@Wpqp^2x4+!V{2t}QYi>wb97~LX>)5T1aNG1b1Ma7Z*6U1ECp?8Z
gq1l17vS>E(LRJVRL9N1bSt1Z!iOIZe=k8ba!tu1$1a~Wo0u2W^Z+JGz4a8c4ajK
b7^=s1#@L~Wo|bGWoc(<bT|ZVX>MgX1!He)Z*DpXb7gI5LvL(vZaV~QWpi^p1!Zw
{VQf7IXL4m>bY*fr2yt~~b98BMZa)HHbU*<?K><QS0YgIpL_`5aMFB=e0Y^sxNJs
%mNdZbq0ZU5(OiTeyO#x0$0Z&f>P*4F;Q2|m?0aH@}R8#>~RRLC30asT6SXcpBSp
iyF3UhHna$#d@Wpqqi31VSmYg24tb7))&b8$j)VPk7$bW&XfV_|Y-bY2E*Z)9O}X
kQ3oVPk7_X=7_(0byYQVqyVfV*zAj0cB+YW@Z6rX8~wv0cmLgYH9&%YXNL*0c~vo
Zf*f@Zvk*{0da8wa&iH4a{+X80d;i&c6I@GcL8{K0eN`=dU^?CLULhaYh`pydjxQ
4aAkZ6V?uIaV{2t}Qhfz<X>4R=egr~qZ)^hs1!iGvb7cSobaHiN0Ru#3V*?5VdS!
BNFavLHWibPEcW*KUbZByAWite3Z*_7s1ZHV=Wi<nHX?QjTb7gjAZZ`#GX=iA3I0
SBKZe=+NNM(3LWn)8OaB~9?1bSt1Z!iOIZe=k8ba!tu1$1a~Wo0u2W^Z+JGz4a8c
4ajKb7^=s1#@L~Wo|bGWoc(<bT|ZVX>MgX19W9>K?Y@PWp-t5LI!kqWo&k3LkM(e
X>xRBWo|?WW^Z+JbY*33MF(bSW^`p`Zbl18Wq3qoV^eKmY-|G%1bSt1Z!iOIZe=k
8ba!tu1$1a~Wo0u2W^Z+JGz4a8c4ajKb7^=s1#@L~Wo|bGWoc(<bT|ZVX>MgX19W
9>VFqPvWp-t5Vg__~Wo&k3V+eF;X>xRBWo~2$W^Z+JbY*33Wd~+yW^`p`Ze{{iG6
MtxUoZdyUoim!Uorv$Uo!&&RWkz!0$(ry0$(u!0$(x$0$(!&0$(%)0$()+0$(-;0
$(==0#!5v5CUH?00Lhz0Rmq#0s>z%0|H+(1Oi_*1p;3-1_EC<2LfL>2m)U@2?Jj-
FbV@-F)<4RUokQa179&S4Fg{>G!6q_F*OeYRW$=30$(ry0$(u!0$(x$0$(!&0$(%
)0$()+0$(-;0$(==0$(@?0$(`^179&P3Iks;F$)7<F)|DTUokTc179&T4g+5?H4g
({F*XnbUokfk179&X5(8f`ITHh4GB6YaUotTj179*S76V^0GZzD2GBg+iUotfr17
9*W8UtT4HyZ<AGB_LqUotrz179;R9s^%9F&_d|HUmHcUoZdyUoim!Uorv$Uo!&&U
o->)Uo`~+Up58;UpEH=UpNQ?UpWZ_UokKW179&Q3j<#<G7JM>F*6MVUokWe179&U
4+CE@HV^|}F*gwdUokim179&Y69Zo|Fcbq{GBFhcUotWl179*T7Xx21G#CS4GBp_
kUotit179*X8v|c5I2;3CGC3UsUo$Ws179;S9|K=AG9UwAGczFrUo$i!179;WBLi
PEHY5XIGdCpzUo$u+179;aCj(zJFen3GG%+ayUo<i*179>VD+6CNG%N#OG&L;)Uo
<u@179>ZF9TmRI4}cWG&wN?Uo|i?179^UGXq~WGBg8UH8V8>Uo|u~179^YHv?ZaH
aG)cH8(i}Uo|*7179^cI|E-fFgycaHZeT|Up6v6179{XKLS-Z1AqcwFaQEyF#!T!
G6Di$GXnx&Gz0=)H3b4+HU<J;HwOY=I0yn?ISB(_F)#`PUokNY179&R3<F;=GYtb
@F*FVXUokZg179&V5CdN^HxUD0F*p(fUoklo179*Q6a!x}F%<(}GBOqeUotZn179
*U7z1B2H5mh6GBz3mUotlv179*Y90Ol6IUNIEGcX<lUo$Zu179;TAOl}BGa&<CGc
+OtUo$l$179;XBm-YFHzfmKGdLy#Uo$x;179>SC<9+KF)0IIG%_j!Uo<l-179>WE
CXLOH7x^QG&U{+Uo<x_179>aFauvSIWYrYH83&*Uo|l^179^VGy`8XGc^NWH8eH@
Uo|y1179^ZI0IibH#q}eH8?s0Uo|;9179{UJOf`gF+BrcHZnc~Up6y8179{YKm%V
kH9-SkHa0>7Up6;G179{cL<3(oIYk3sH!wy6UpFyF179~XNCRItGf4wqH#ABEUpF
;N179~bOaosxH%$XyH#klMUpF~V17A2WPy=5$F;N3wI5JWLUpO;U17A2aR0Cf)HB
|#&I5t)TUpO~c17A2eSOZ@;Iavc=IWSrSUpX;b17A5ZTmxS@GhG8;IW%4aUpX~j1
7A5dU;|${H(>)`IXGeiUpYBr1Ya>QFk}Q@F)%S@1Ya>QGG+u{F)%Y{1Ya>QG-w20
F)%f01Ya>QHfjW4F)%l41Ya>QIBW!8F)%r81Ya>RFm422F)=Z31Ya>RGH?W6F)=f
71Ya>RG;#!AF)=lB1Ya>RHgp7EF)=rF1Ya>RICcbIF)=xJ1Ya>SFn9!CF)}fE1Ya
>SGI|7GF)}lI1Ya>SG<*bKF)}rM1Ya>SHhu(OF)}xQ

-----END STRICT TYPE LIB-----

