-----BEGIN STRICT TYPE LIB-----
Id: 9Aejf981DkMJ78osEFiHY5um2ndxPFNS81LVGimgZM6T#fresh-field-alert
Name: StrictTypes
Dependencies: 
  9KALDYR8Nyjq4FdMW6kYoL7vdkWnqPqNuFnmE9qHpNjZ#justice-rocket-type

C1N0cmljdFR5cGVzAXuEgDye+uIRJad8LDm8cNL96PlDrg39nPTmgu3HZspwA1N0
ZAEDU3RkAQByjqaKl950IPYqWWmwS4cmBL9F1t84lZx+JuenJJDkrQ5BbHBoYU51
bUxvZGFzaDsACkRlcGVuZGVuY3kGAgJpZAG1uYDP/218qontpeEeKcEEimFgP5e5
460zcI29pclBNgRuYW1lAaIZqbpLd0pZ/sjDqOQWzhsidsftrPk9chZ5fG4XyVXA
DEVudW1WYXJpYW50cwUBAAkBzNfVBlo0Ai+PmWhSaC9P63/AynPA8ytC5KP1sNVh
eQwBAAAAAAAAAP8AAAAAAAAACUV4dGVyblJlZgYCBWxpYklkAbW5gM//bXyqie2l
4R4pwQSKYWA/l7njrTNwjb2lyUE2BXNlbUlkAWsEoxSeppUAFmef7wK0qyT15reK
ZMjZ0L1l/NejWE6NDkZpZWxkSW5saW5lUmVmBgIEbmFtZQGoFOwosO1V7e6uUXmk
5+WfQLP5VRYQbpvBLnIav35WHAJ0eQFt0S47qGXwVbSvvN/VRNfCP6Y6AmhCK3cN
nmsm6gVVtw9GaWVsZElubGluZVJlZjEGAgRuYW1lAagU7Ciw7VXt7q5ReaTn5Z9A
s/lVFhBum8Euchq/flYcAnR5AW45N9lXpRgHUeN21dYa7yOwR8ZfYcNG72Y9XHD1
7M7DD0ZpZWxkSW5saW5lUmVmMgYCBG5hbWUBqBTsKLDtVe3urlF5pOfln0Cz+VUW
EG6bwS5yGr9+VhwCdHkBtaH/qJILvZ5Ja3vDtwSa9ugUJgO/3Vv9Z5vcanld7dwL
RmllbGRMaWJSZWYGAgRuYW1lAagU7Ciw7VXt7q5ReaTn5Z9As/lVFhBum8Euchq/
flYcAnR5AXnMRwqFmd1+a70NeqsijxSbzAUDox0hdrCRg4wNIoDFCUZpZWxkTmFt
ZQUBAX12Mkn1D7upVaskcvJvaY/F4AkagukUFNuiUNYnZMfoCkZpZWxkU2VtSWQG
AgRuYW1lAagU7Ciw7VXt7q5ReaTn5Z9As/lVFhBum8Euchq/flYcAnR5AWsEoxSe
ppUAFmef7wK0qyT15reKZMjZ0L1l/NejWE6NBUlkZW50BQEACAJ7hIA8nvriESWn
fCw5vHDS/ej5Q64N/Zz05oLtx2bKcHKOpoqX3nQg9ipZabBLhyYEv0XW3ziVnH4m
56ckkOStAQAAAAAAAABkAAAAAAAAAAlJbmxpbmVSZWYEAwAGaW5saW5lAAUBAUQl
fqJLyGaU1mZWlbBQfCzKWq5Vx+0FAC8VpWNopS1HAQVuYW1lZAAFAQFrBKMUnqaV
ABZnn+8CtKsk9ea3imTI2dC9ZfzXo1hOjQIGZXh0ZXJuAAUBAaoq+NqEH/fF8U4b
roKRioMSqZnDVunxVl9x66MinwGWCklubGluZVJlZjEEAwAGaW5saW5lAAUBAcHp
pwOMI5u4MvxuLoxDEPIkRxQyeU58rTpQrZt92wIxAQVuYW1lZAAFAQFrBKMUnqaV
ABZnn+8CtKsk9ea3imTI2dC9ZfzXo1hOjQIGZXh0ZXJuAAUBAaoq+NqEH/fF8U4b
roKRioMSqZnDVunxVl9x66MinwGWCklubGluZVJlZjIEAgAFbmFtZWQABQEBawSj
FJ6mlQAWZ5/vArSrJPXmt4pkyNnQvWX816NYTo0BBmV4dGVybgAFAQGqKvjahB/3
xfFOG66CkYqDEqmZw1bp8VZfceujIp8BlghJdGVtQ2FzZQQIAAx1bm5hbWVkRmll
bGQABQEAAAEBCm5hbWVkRmllbGQABQIAAAEBqBTsKLDtVe3urlF5pOfln0Cz+VUW
EG6bwS5yGr9+VhwCDHVuaW9uVmFyaWFudAAFAgAAAQEbuCaCqCxnqQRxy3gru11W
XiA11xHefLoWIwzkYzjfkRAJYXJyYXlJdGVtAAAAEQhsaXN0SXRlbQAAABIHc2V0
SXRlbQAAABMGbWFwS2V5AAAAFAhtYXBWYWx1ZQAAAAdMaWJOYW1lBQEBfXYySfUP
u6lVqyRy8m9pj8XgCRqC6RQU26JQ1idkx+gGTGliUmVmBAMABmlubGluZQAFAQH3
X5MC6DhUxKtpnJCCrY5zBRkBkZ/xq6yCnmJAfshOSwEFbmFtZWQABQEBawSjFJ6m
lQAWZ5/vArSrJPXmt4pkyNnQvWX816NYTo0CBmV4dGVybgAFAQGqKvjahB/3xfFO
G66CkYqDEqmZw1bp8VZfceujIp8BlgxNZW1vcnlMYXlvdXQGAQVpdGVtcwAIAcMJ
PnIn7ktwKH4sZDrBFulIk3RPra8lfCDyMhv6J4v8AAAAAAAAAAD/////AAAAABRO
YW1lZEZpZWxkc0lubGluZVJlZgUBAAgBN1dow2rO+sslNqQ5Y6vlFZMmry+2Eel9
LXrGioJy5IwBAAAAAAAAAP8AAAAAAAAAFU5hbWVkRmllbGRzSW5saW5lUmVmMQUB
AAgBBbWBhNyHi8Kdg1ThHo0UOFpAwL1K4xUlFLKyaOBdu6kBAAAAAAAAAP8AAAAA
AAAAFU5hbWVkRmllbGRzSW5saW5lUmVmMgUBAAgB7K8mGjsVFcuhHGbogRFjhGsF
ulgwQyVDV5fP5DnouNoBAAAAAAAAAP8AAAAAAAAAEU5hbWVkRmllbGRzTGliUmVm
BQEACAGH2iyjV7YeU4CERtG6m3cNmj2ikRsZWwUPbMKPDbEtTwEAAAAAAAAA/wAA
AAAAAAAQTmFtZWRGaWVsZHNTZW1JZAUBAAgBZ1aQGBMdtyman9iDSJebaCypwR5F
oqlt42ELtODET4ABAAAAAAAAAP8AAAAAAAAACk5lc3RlZENhc2UEBQAHbmV3VHlw
ZQAFAQAEAgAEbm9uZQAAAAEEc29tZQAFAQAxXhlEHcvtiUYNZKKJOwKduhohu5WY
JlOufiO3RGRivwEGb3B0aW9uAAAAEAdieXRlU3RyAAAAEQhhc2NpaVN0cgAFAQAE
AgAEbm9uZQAAAAEEc29tZQAFAQAxXhlEHcvtiUYNZKKJOwKduhohu5WYJlOufiO3
RGRivxIGdW5pU3RyAAAACVByaW1pdGl2ZQUBAAABBVNlbUlkBQEABwAAQCAABlNp
emluZwYCA21pbgAACANtYXgAAAgJU3ltYm9sUmVmBgQHbGliTmFtZQGiGam6S3dK
Wf7Iw6jkFs4bInbH7az5PXIWeXxuF8lVwAZ0eU5hbWUBDRQjZfKkr8YbU23UZ1Vy
ZiuwcqOQD8mLAGaK2DGA4rAFbGliSWQBtbmAz/9tfKqJ7aXhHinBBIphYD+XueOt
M3CNvaXJQTYFc2VtSWQBawSjFJ6mlQAWZ5/vArSrJPXmt4pkyNnQvWX816NYTo0L
U3ltYm9saWNTeXMGAgdzeW1ib2xzARhnL/WQQpSd7Fkpj6QWaKdr8TMzq4v1or5k
EbEL9fy7BXR5cGVzAaSwHYnS2SMK4QcUujz6UZvnCw5lMKiE5Cc/2hVgqrFmB1N5
bWJvbHMGAgRsaWJzAAkBi5xSFudnTQR9/y9q6kwpZm613FUYNkoVEeaIhFAG9ZEA
AAAAAAAAAP//AAAAAAAAB3N5bWJvbHMACQFhsGgOSjr4nXWxT0si/JjVxJe+3lPH
S1ThYUBzbO5iOAAAAAAAAAAA////AAAAAAALVHlJbmxpbmVSZWYECgAJcHJpbWl0
aXZlAAUBASRj2r98SvHqkSDvv4DCx4mhV5LU8fujLFiYI7EPaSH6AQd1bmljb2Rl
AAAAAwRlbnVtAAUBAZISuvKCSet3tv/uEum+rNcpvHOJF7ieRxWzjwOXUix/BAV1
bmlvbgAFAQFaKVoXEeVrvXraax13me0b3qlAevp8TFxEvVSOj5A2OgUFdHVwbGUA
BQEBXHvZChcIO01GPmSiZ15SDMxEYf5xqHmPRtysofHBq8EGBnN0cnVjdAAFAQEg
7nKskwjAUfeRTtuEtV27rdhkYnerRaIZOEJJXqtk3wcFYXJyYXkABQIBbdEuO6hl
8FW0r7zf1UTXwj+mOgJoQit3DZ5rJuoFVbcAAAIIBGxpc3QABQIBbdEuO6hl8FW0
r7zf1UTXwj+mOgJoQit3DZ5rJuoFVbcBgdMsJNfD6DLZw2L9yPSPkJ0/hyi8Mk5N
5Eyh4YmbGQYJA3NldAAFAgFt0S47qGXwVbSvvN/VRNfCP6Y6AmhCK3cNnmsm6gVV
twGB0ywk18PoMtnDYv3I9I+QnT+HKLwyTk3kTKHhiZsZBgoDbWFwAAUDAW3RLjuo
ZfBVtK+839VE18I/pjoCaEIrdw2eaybqBVW3AW3RLjuoZfBVtK+839VE18I/pjoC
aEIrdw2eaybqBVW3AYHTLCTXw+gy2cNi/cj0j5CdP4covDJOTeRMoeGJmxkGDFR5
SW5saW5lUmVmMQQKAAlwcmltaXRpdmUABQEBJGPav3xK8eqRIO+/gMLHiaFXktTx
+6MsWJgjsQ9pIfoBB3VuaWNvZGUAAAADBGVudW0ABQEBkhK68oJJ63e2/+4S6b6s
1ym8c4kXuJ5HFbOPA5dSLH8EBXVuaW9uAAUBAWCzV4HCNYCp830BHFz5228p5cKh
DDRyL/kReiynbu8jBQV0dXBsZQAFAQGGZ3tLmpI6OKu53FPvobigD/lc98Nhyz6B
JgT7qIkElQYGc3RydWN0AAUBARl1BirQrgW0fCNbawJDYzcxI6cVJ8NDA2ap/PhS
+nmtBwVhcnJheQAFAgFuOTfZV6UYB1HjdtXWGu8jsEfGX2HDRu9mPVxw9ezOwwAA
AggEbGlzdAAFAgFuOTfZV6UYB1HjdtXWGu8jsEfGX2HDRu9mPVxw9ezOwwGB0ywk
18PoMtnDYv3I9I+QnT+HKLwyTk3kTKHhiZsZBgkDc2V0AAUCAW45N9lXpRgHUeN2
1dYa7yOwR8ZfYcNG72Y9XHD17M7DAYHTLCTXw+gy2cNi/cj0j5CdP4covDJOTeRM
oeGJmxkGCgNtYXAABQMBbjk32VelGAdR43bV1hrvI7BHxl9hw0bvZj1ccPXszsMB
bjk32VelGAdR43bV1hrvI7BHxl9hw0bvZj1ccPXszsMBgdMsJNfD6DLZw2L9yPSP
kJ0/hyi8Mk5N5Eyh4YmbGQYMVHlJbmxpbmVSZWYyBAoACXByaW1pdGl2ZQAFAQEk
Y9q/fErx6pEg77+AwseJoVeS1PH7oyxYmCOxD2kh+gEHdW5pY29kZQAAAAMEZW51
bQAFAQGSErrygknrd7b/7hLpvqzXKbxziRe4nkcVs48Dl1IsfwQFdW5pb24ABQEB
8+We08lQ/nH5SXvRsguGY2/99Krn4YnwFTIm3XYILPwFBXR1cGxlAAUBAWuapjnZ
M1lCfzu39WyPXN1NwNbqKQz9Ex5qtukw2xcIBgZzdHJ1Y3QABQEBIRDznFiVHBwI
qY8KhuDUvsCLuPIabBJpye/pjV1/hPQHBWFycmF5AAUCAbWh/6iSC72eSWt7w7cE
mvboFCYDv91b/Web3Gp5Xe3cAAACCARsaXN0AAUCAbWh/6iSC72eSWt7w7cEmvbo
FCYDv91b/Web3Gp5Xe3cAYHTLCTXw+gy2cNi/cj0j5CdP4covDJOTeRMoeGJmxkG
CQNzZXQABQIBtaH/qJILvZ5Ja3vDtwSa9ugUJgO/3Vv9Z5vcanld7dwBgdMsJNfD
6DLZw2L9yPSPkJ0/hyi8Mk5N5Eyh4YmbGQYKA21hcAAFAwG1of+okgu9nklre8O3
BJr26BQmA7/dW/1nm9xqeV3t3AG1of+okgu9nklre8O3BJr26BQmA7/dW/1nm9xq
eV3t3AGB0ywk18PoMtnDYv3I9I+QnT+HKLwyTk3kTKHhiZsZBghUeUxpYlJlZgQK
AAlwcmltaXRpdmUABQEBJGPav3xK8eqRIO+/gMLHiaFXktTx+6MsWJgjsQ9pIfoB
B3VuaWNvZGUAAAADBGVudW0ABQEBkhK68oJJ63e2/+4S6b6s1ym8c4kXuJ5HFbOP
A5dSLH8EBXVuaW9uAAUBAfnOeUJoWwL3+/uKuyBrC4vpEf4JC+/YjsPZXFcQra95
BQV0dXBsZQAFAQGdqDoJ2DS8b0af/paMebhcCsWLNFDWVi9pBoaVKC2/hwYGc3Ry
dWN0AAUBAdnc4uVy90c4T2w37ibi2fvhk4prVR9Gdlkt1x2oNuKkBwVhcnJheQAF
AgF5zEcKhZndfmu9DXqrIo8Um8wFA6MdIXawkYOMDSKAxQAAAggEbGlzdAAFAgF5
zEcKhZndfmu9DXqrIo8Um8wFA6MdIXawkYOMDSKAxQGB0ywk18PoMtnDYv3I9I+Q
nT+HKLwyTk3kTKHhiZsZBgkDc2V0AAUCAXnMRwqFmd1+a70NeqsijxSbzAUDox0h
drCRg4wNIoDFAYHTLCTXw+gy2cNi/cj0j5CdP4covDJOTeRMoeGJmxkGCgNtYXAA
BQMBecxHCoWZ3X5rvQ16qyKPFJvMBQOjHSF2sJGDjA0igMUBecxHCoWZ3X5rvQ16
qyKPFJvMBQOjHSF2sJGDjA0igMUBgdMsJNfD6DLZw2L9yPSPkJ0/hyi8Mk5N5Eyh
4YmbGQYHVHlTZW1JZAQKAAlwcmltaXRpdmUABQEBJGPav3xK8eqRIO+/gMLHiaFX
ktTx+6MsWJgjsQ9pIfoBB3VuaWNvZGUAAAADBGVudW0ABQEBkhK68oJJ63e2/+4S
6b6s1ym8c4kXuJ5HFbOPA5dSLH8EBXVuaW9uAAUBAfBOLJS+XpwshMbD3KIqis05
ychgElllCqlTyK1ijNWQBQV0dXBsZQAFAQFkjNQPsGuGqY9nocBJzQalxfaKd0Dw
HvEF5H5YEof9TwYGc3RydWN0AAUBAWY7Nx/BWHI/fLAOOZQaFRpFthRwh1Fd5Svr
VCn8bWHBBwVhcnJheQAFAgFrBKMUnqaVABZnn+8CtKsk9ea3imTI2dC9ZfzXo1hO
jQAAAggEbGlzdAAFAgFrBKMUnqaVABZnn+8CtKsk9ea3imTI2dC9ZfzXo1hOjQGB
0ywk18PoMtnDYv3I9I+QnT+HKLwyTk3kTKHhiZsZBgkDc2V0AAUCAWsEoxSeppUA
Fmef7wK0qyT15reKZMjZ0L1l/NejWE6NAYHTLCTXw+gy2cNi/cj0j5CdP4covDJO
TeRMoeGJmxkGCgNtYXAABQMBawSjFJ6mlQAWZ5/vArSrJPXmt4pkyNnQvWX816NY
To0BawSjFJ6mlQAWZ5/vArSrJPXmt4pkyNnQvWX816NYTo0BgdMsJNfD6DLZw2L9
yPSPkJ0/hyi8Mk5N5Eyh4YmbGQYHVHlwZUZxbgYCA2xpYgGiGam6S3dKWf7Iw6jk
Fs4bInbH7az5PXIWeXxuF8lVwARuYW1lAQ0UI2XypK/GG1Nt1GdVcmYrsHKjkA/J
iwBmitgxgOKwCFR5cGVJbmZvBgUFZGVwdGgAAAQCdHkBwdLCl23BIcAjIG2ySI2h
GkTJfYXAvlqfXd8qj9m1TTsDZnFuAAQCAARub25lAAAAAQRzb21lAAUBATFeGUQd
y+2JRg1kook7Ap26GiG7lZgmU65+I7dEZGK/BGl0ZW0ABAIABG5vbmUAAAABBHNv
bWUABQEBRm1vNBjFMWayVd4pbcnW+9u5QASMT6Pb8GKNljpNkvsGbmVzdGVkAAgB
OZffoSLpgQLqNrNydrwCiWjDROanAW2bIkLkypC2blQAAAAAAAAAAP8AAAAAAAAA
B1R5cGVMaWIGBARuYW1lAaIZqbpLd0pZ/sjDqOQWzhsidsftrPk9chZ5fG4XyVXA
DGRlcGVuZGVuY2llcwAJAYucUhbnZ00Eff8vaupMKWZutdxVGDZKFRHmiIRQBvWR
AAAAAAAAAAD/AAAAAAAAAAtleHRlcm5UeXBlcwAKAaIZqbpLd0pZ/sjDqOQWzhsi
dsftrPk9chZ5fG4XyVXAAAoBawSjFJ6mlQAWZ5/vArSrJPXmt4pkyNnQvWX816NY
To0BDRQjZfKkr8YbU23UZ1VyZiuwcqOQD8mLAGaK2DGA4rAAAAAAAAAAAP//AAAA
AAAAAAAAAAAAAAD/AAAAAAAAAAV0eXBlcwAKAQ0UI2XypK/GG1Nt1GdVcmYrsHKj
kA/JiwBmitgxgOKwAZFMKpePSGt/Ge3j7zS2t94cdt1MJB9z2eQM7tfwt7toAQAA
AAAAAAD//wAAAAAAAAlUeXBlTGliSWQFAQAHAABAIAAIVHlwZU5hbWUFAQF9djJJ
9Q+7qVWrJHLyb2mPxeAJGoLpFBTbolDWJ2TH6ApUeXBlU3ltYm9sBgICaWQBawSj
FJ6mlQAWZ5/vArSrJPXmt4pkyNnQvWX816NYTo0DZnFuAAQCAARub25lAAAAAQRz
b21lAAUBATFeGUQdy+2JRg1kook7Ap26GiG7lZgmU65+I7dEZGK/CVR5cGVTeXNJ
ZAUBAAcAAEAgAApUeXBlU3lzdGVtBQEACgFrBKMUnqaVABZnn+8CtKsk9ea3imTI
2dC9ZfzXo1hOjQHB0sKXbcEhwCMgbbJIjaEaRMl9hcC+Wp9d3yqP2bVNOwAAAAAA
AAAA////AAAAAAAWVW5pb25WYXJpYW50c0lubGluZVJlZgUBAAoAAAEBI+fzBvI6
S2HD8fQglmUjB7GDWxh8nZcCDvjEfNBeE0cAAAAAAAAAAP8AAAAAAAAAF1VuaW9u
VmFyaWFudHNJbmxpbmVSZWYxBQEACgAAAQGIX3zuph8mQE8HzCB2TieOGjXy3N9h
pBH0IG7I1u2PtwAAAAAAAAAA/wAAAAAAAAAXVW5pb25WYXJpYW50c0lubGluZVJl
ZjIFAQAKAAABAQN4/YR818STar36N03CexejhdFiMzB+zu9C0L0sUpI4AAAAAAAA
AAD/AAAAAAAAABNVbmlvblZhcmlhbnRzTGliUmVmBQEACgAAAQGwcyuTicKr6Be9
n9VjCSj4n/1alGNB7H7b8rHjq2jVYgAAAAAAAAAA/wAAAAAAAAASVW5pb25WYXJp
YW50c1NlbUlkBQEACgAAAQFDs+VtcLb0lqK5MND2MWAeIx7ar/oz1Fdz4z5iWFSE
iQAAAAAAAAAA/wAAAAAAAAAWVW5uYW1lZEZpZWxkc0lubGluZVJlZgUBAAgBbdEu
O6hl8FW0r7zf1UTXwj+mOgJoQit3DZ5rJuoFVbcBAAAAAAAAAP8AAAAAAAAAF1Vu
bmFtZWRGaWVsZHNJbmxpbmVSZWYxBQEACAFuOTfZV6UYB1HjdtXWGu8jsEfGX2HD
Ru9mPVxw9ezOwwEAAAAAAAAA/wAAAAAAAAAXVW5uYW1lZEZpZWxkc0lubGluZVJl
ZjIFAQAIAbWh/6iSC72eSWt7w7cEmvboFCYDv91b/Web3Gp5Xe3cAQAAAAAAAAD/
AAAAAAAAABNVbm5hbWVkRmllbGRzTGliUmVmBQEACAF5zEcKhZndfmu9DXqrIo8U
m8wFA6MdIXawkYOMDSKAxQEAAAAAAAAA/wAAAAAAAAASVW5uYW1lZEZpZWxkc1Nl
bUlkBQEACAFrBKMUnqaVABZnn+8CtKsk9ea3imTI2dC9ZfzXo1hOjQEAAAAAAAAA
/wAAAAAAAAAHVmFyaWFudAYCBG5hbWUBG7gmgqgsZ6kEcct4K7tdVl4gNdcR3ny6
FiMM5GM435EDdGFnAAABFFZhcmlhbnRJbmZvSW5saW5lUmVmBgIEbmFtZQEbuCaC
qCxnqQRxy3gru11WXiA11xHefLoWIwzkYzjfkQJ0eQFt0S47qGXwVbSvvN/VRNfC
P6Y6AmhCK3cNnmsm6gVVtxVWYXJpYW50SW5mb0lubGluZVJlZjEGAgRuYW1lARu4
JoKoLGepBHHLeCu7XVZeIDXXEd58uhYjDORjON+RAnR5AW45N9lXpRgHUeN21dYa
7yOwR8ZfYcNG72Y9XHD17M7DFVZhcmlhbnRJbmZvSW5saW5lUmVmMgYCBG5hbWUB
G7gmgqgsZ6kEcct4K7tdVl4gNdcR3ny6FiMM5GM435ECdHkBtaH/qJILvZ5Ja3vD
twSa9ugUJgO/3Vv9Z5vcanld7dwRVmFyaWFudEluZm9MaWJSZWYGAgRuYW1lARu4
JoKoLGepBHHLeCu7XVZeIDXXEd58uhYjDORjON+RAnR5AXnMRwqFmd1+a70Neqsi
jxSbzAUDox0hdrCRg4wNIoDFEFZhcmlhbnRJbmZvU2VtSWQGAgRuYW1lARu4JoKo
LGepBHHLeCu7XVZeIDXXEd58uhYjDORjON+RAnR5AWsEoxSeppUAFmef7wK0qyT1
5reKZMjZ0L1l/NejWE6NC1ZhcmlhbnROYW1lBQEBfXYySfUPu6lVqyRy8m9pj8Xg
CRqC6RQU26JQ1idkx+g=

-----END STRICT TYPE LIB-----

